Determining if the pthread_create exist failed with the following output:
Change Dir: /home/ben/workspace/massplay/server/CMakeFiles/CMakeTmp

Run Build Command:/usr/bin/make "cmTryCompileExec1216977129/fast"
/usr/bin/make -f CMakeFiles/cmTryCompileExec1216977129.dir/build.make CMakeFiles/cmTryCompileExec1216977129.dir/build
make[1]: Entering directory '/home/ben/workspace/massplay/server/CMakeFiles/CMakeTmp'
/usr/bin/cmake -E cmake_progress_report /home/ben/workspace/massplay/server/CMakeFiles/CMakeTmp/CMakeFiles 1
Building C object CMakeFiles/cmTryCompileExec1216977129.dir/CheckSymbolExists.c.o
/usr/bin/cc    -o CMakeFiles/cmTryCompileExec1216977129.dir/CheckSymbolExists.c.o   -c /home/ben/workspace/massplay/server/CMakeFiles/CMakeTmp/CheckSymbolExists.c
Linking C executable cmTryCompileExec1216977129
/usr/bin/cmake -E cmake_link_script CMakeFiles/cmTryCompileExec1216977129.dir/link.txt --verbose=1
/usr/bin/cc       CMakeFiles/cmTryCompileExec1216977129.dir/CheckSymbolExists.c.o  -o cmTryCompileExec1216977129 -rdynamic 
CMakeFiles/cmTryCompileExec1216977129.dir/CheckSymbolExists.c.o: In function `main':
CheckSymbolExists.c:(.text+0x16): undefined reference to `pthread_create'
collect2: error: ld returned 1 exit status
CMakeFiles/cmTryCompileExec1216977129.dir/build.make:91: recipe for target 'cmTryCompileExec1216977129' failed
make[1]: *** [cmTryCompileExec1216977129] Error 1
make[1]: Leaving directory '/home/ben/workspace/massplay/server/CMakeFiles/CMakeTmp'
Makefile:117: recipe for target 'cmTryCompileExec1216977129/fast' failed
make: *** [cmTryCompileExec1216977129/fast] Error 2

File /home/ben/workspace/massplay/server/CMakeFiles/CMakeTmp/CheckSymbolExists.c:
/* */
#include <pthread.h>

int main(int argc, char** argv)
{
  (void)argv;
#ifndef pthread_create
  return ((int*)(&pthread_create))[argc];
#else
  (void)argc;
  return 0;
#endif
}

Determining if the function pthread_create exists in the pthreads failed with the following output:
Change Dir: /home/ben/workspace/massplay/server/CMakeFiles/CMakeTmp

Run Build Command:/usr/bin/make "cmTryCompileExec4293704154/fast"
/usr/bin/make -f CMakeFiles/cmTryCompileExec4293704154.dir/build.make CMakeFiles/cmTryCompileExec4293704154.dir/build
make[1]: Entering directory '/home/ben/workspace/massplay/server/CMakeFiles/CMakeTmp'
/usr/bin/cmake -E cmake_progress_report /home/ben/workspace/massplay/server/CMakeFiles/CMakeTmp/CMakeFiles 1
Building C object CMakeFiles/cmTryCompileExec4293704154.dir/CheckFunctionExists.c.o
/usr/bin/cc   -DCHECK_FUNCTION_EXISTS=pthread_create   -o CMakeFiles/cmTryCompileExec4293704154.dir/CheckFunctionExists.c.o   -c /usr/share/cmake-2.8/Modules/CheckFunctionExists.c
Linking C executable cmTryCompileExec4293704154
/usr/bin/cmake -E cmake_link_script CMakeFiles/cmTryCompileExec4293704154.dir/link.txt --verbose=1
/usr/bin/cc   -DCHECK_FUNCTION_EXISTS=pthread_create    CMakeFiles/cmTryCompileExec4293704154.dir/CheckFunctionExists.c.o  -o cmTryCompileExec4293704154 -rdynamic -lpthreads 
/usr/bin/ld: cannot find -lpthreads
collect2: error: ld returned 1 exit status
CMakeFiles/cmTryCompileExec4293704154.dir/build.make:91: recipe for target 'cmTryCompileExec4293704154' failed
make[1]: *** [cmTryCompileExec4293704154] Error 1
make[1]: Leaving directory '/home/ben/workspace/massplay/server/CMakeFiles/CMakeTmp'
Makefile:117: recipe for target 'cmTryCompileExec4293704154/fast' failed
make: *** [cmTryCompileExec4293704154/fast] Error 2


