Determining if the pthread_create exist failed with the following output:
Change Dir: /home/ben/workspace/vbam/code/trunk/CMakeFiles/CMakeTmp

Run Build Command:/usr/bin/make "cmTryCompileExec1578687981/fast"
/usr/bin/make -f CMakeFiles/cmTryCompileExec1578687981.dir/build.make CMakeFiles/cmTryCompileExec1578687981.dir/build
make[1]: Entering directory '/home/ben/workspace/vbam/code/trunk/CMakeFiles/CMakeTmp'
/usr/bin/cmake -E cmake_progress_report /home/ben/workspace/vbam/code/trunk/CMakeFiles/CMakeTmp/CMakeFiles 1
Building C object CMakeFiles/cmTryCompileExec1578687981.dir/CheckSymbolExists.c.o
/usr/bin/cc    -o CMakeFiles/cmTryCompileExec1578687981.dir/CheckSymbolExists.c.o   -c /home/ben/workspace/vbam/code/trunk/CMakeFiles/CMakeTmp/CheckSymbolExists.c
Linking C executable cmTryCompileExec1578687981
/usr/bin/cmake -E cmake_link_script CMakeFiles/cmTryCompileExec1578687981.dir/link.txt --verbose=1
/usr/bin/cc       CMakeFiles/cmTryCompileExec1578687981.dir/CheckSymbolExists.c.o  -o cmTryCompileExec1578687981 -rdynamic 
CMakeFiles/cmTryCompileExec1578687981.dir/CheckSymbolExists.c.o: In function `main':
CheckSymbolExists.c:(.text+0x16): undefined reference to `pthread_create'
collect2: error: ld returned 1 exit status
CMakeFiles/cmTryCompileExec1578687981.dir/build.make:91: recipe for target 'cmTryCompileExec1578687981' failed
make[1]: *** [cmTryCompileExec1578687981] Error 1
make[1]: Leaving directory '/home/ben/workspace/vbam/code/trunk/CMakeFiles/CMakeTmp'
Makefile:117: recipe for target 'cmTryCompileExec1578687981/fast' failed
make: *** [cmTryCompileExec1578687981/fast] Error 2

File /home/ben/workspace/vbam/code/trunk/CMakeFiles/CMakeTmp/CheckSymbolExists.c:
/* */
#include <pthread.h>

int main(int argc, char** argv)
{
  (void)argv;
#ifndef pthread_create
  return ((int*)(&pthread_create))[argc];
#else
  (void)argc;
  return 0;
#endif
}

Determining if the function pthread_create exists in the pthreads failed with the following output:
Change Dir: /home/ben/workspace/vbam/code/trunk/CMakeFiles/CMakeTmp

Run Build Command:/usr/bin/make "cmTryCompileExec871803252/fast"
/usr/bin/make -f CMakeFiles/cmTryCompileExec871803252.dir/build.make CMakeFiles/cmTryCompileExec871803252.dir/build
make[1]: Entering directory '/home/ben/workspace/vbam/code/trunk/CMakeFiles/CMakeTmp'
/usr/bin/cmake -E cmake_progress_report /home/ben/workspace/vbam/code/trunk/CMakeFiles/CMakeTmp/CMakeFiles 1
Building C object CMakeFiles/cmTryCompileExec871803252.dir/CheckFunctionExists.c.o
/usr/bin/cc   -DCHECK_FUNCTION_EXISTS=pthread_create   -o CMakeFiles/cmTryCompileExec871803252.dir/CheckFunctionExists.c.o   -c /usr/share/cmake-2.8/Modules/CheckFunctionExists.c
Linking C executable cmTryCompileExec871803252
/usr/bin/cmake -E cmake_link_script CMakeFiles/cmTryCompileExec871803252.dir/link.txt --verbose=1
/usr/bin/cc   -DCHECK_FUNCTION_EXISTS=pthread_create    CMakeFiles/cmTryCompileExec871803252.dir/CheckFunctionExists.c.o  -o cmTryCompileExec871803252 -rdynamic -lpthreads 
/usr/bin/ld: cannot find -lpthreads
collect2: error: ld returned 1 exit status
CMakeFiles/cmTryCompileExec871803252.dir/build.make:91: recipe for target 'cmTryCompileExec871803252' failed
make[1]: *** [cmTryCompileExec871803252] Error 1
make[1]: Leaving directory '/home/ben/workspace/vbam/code/trunk/CMakeFiles/CMakeTmp'
Makefile:117: recipe for target 'cmTryCompileExec871803252/fast' failed
make: *** [cmTryCompileExec871803252/fast] Error 2


